<?xml version="1.0" encoding="UTF-8"?>
<testsuite xmlns:xsi="http://www.w3.org/2001/XMLSchema-instance" xsi:noNamespaceSchemaLocation="https://maven.apache.org/surefire/maven-surefire-plugin/xsd/surefire-test-report.xsd" name="TextClassification.GreetingControllerTests" time="0.277" tests="1" errors="1" skipped="0" failures="0">
  <properties>
[...]
</properties>
  <testcase name="initializationError" classname="TextClassification.GreetingControllerTests" time="0.005">
    <error message="Unable to find a @SpringBootConfiguration, you need to use @ContextConfiguration or @SpringBootTest(classes=...) with your test" type="java.lang.IllegalStateException">java.lang.IllegalStateException: Unable to find a @SpringBootConfiguration, you need to use @ContextConfiguration or @SpringBootTest(classes=...) with your test
</error>
    <system-out><![CDATA[11:37:20.161 [main] DEBUG org.springframework.test.context.junit4.SpringJUnit4ClassRunner - SpringJUnit4ClassRunner constructor called with [class TextClassification.GreetingControllerTests]
11:37:20.164 [main] DEBUG org.springframework.test.context.BootstrapUtils - Instantiating CacheAwareContextLoaderDelegate from class [org.springframework.test.context.cache.DefaultCacheAwareContextLoaderDelegate]
11:37:20.171 [main] DEBUG org.springframework.test.context.BootstrapUtils - Instantiating BootstrapContext using constructor [public org.springframework.test.context.support.DefaultBootstrapContext(java.lang.Class,org.springframework.test.context.CacheAwareContextLoaderDelegate)]
11:37:20.194 [main] DEBUG org.springframework.test.context.BootstrapUtils - Instantiating TestContextBootstrapper for test class [TextClassification.GreetingControllerTests] from class [org.springframework.boot.test.context.SpringBootTestContextBootstrapper]
11:37:20.209 [main] INFO org.springframework.boot.test.context.SpringBootTestContextBootstrapper - Neither @ContextConfiguration nor @ContextHierarchy found for test class [TextClassification.GreetingControllerTests], using SpringBootContextLoader
11:37:20.213 [main] DEBUG org.springframework.test.context.support.AbstractContextLoader - Did not detect default resource location for test class [TextClassification.GreetingControllerTests]: class path resource [TextClassification/GreetingControllerTests-context.xml] does not exist
11:37:20.214 [main] DEBUG org.springframework.test.context.support.AbstractContextLoader - Did not detect default resource location for test class [TextClassification.GreetingControllerTests]: class path resource [TextClassification/GreetingControllerTestsContext.groovy] does not exist
11:37:20.214 [main] INFO org.springframework.test.context.support.AbstractContextLoader - Could not detect default resource locations for test class [TextClassification.GreetingControllerTests]: no resource found for suffixes {-context.xml, Context.groovy}.
11:37:20.215 [main] INFO org.springframework.test.context.support.AnnotationConfigContextLoaderUtils - Could not detect default configuration classes for test class [TextClassification.GreetingControllerTests]: GreetingControllerTests does not declare any static, non-private, non-final, nested classes annotated with @Configuration.
11:37:20.263 [main] DEBUG org.springframework.test.context.support.ActiveProfilesUtils - Could not find an 'annotation declaring class' for annotation type [org.springframework.test.context.ActiveProfiles] and class [TextClassification.GreetingControllerTests]
11:37:20.270 [main] DEBUG org.springframework.core.env.StandardEnvironment - Adding PropertySource 'systemProperties' with lowest search precedence
11:37:20.270 [main] DEBUG org.springframework.core.env.StandardEnvironment - Adding PropertySource 'systemEnvironment' with lowest search precedence
11:37:20.271 [main] DEBUG org.springframework.core.env.StandardEnvironment - Initialized StandardEnvironment with PropertySources [MapPropertySource@1860250540 {name='systemProperties', properties={java.runtime.name=Java(TM) SE Runtime Environment, sun.boot.library.path=/usr/local/lib/jvm/jdk1.8.0_73/jre/lib/amd64, java.vm.version=25.73-b02, java.vm.vendor=Oracle Corporation, java.vendor.url=http://java.oracle.com/, path.separator=:, java.vm.name=Java HotSpot(TM) 64-Bit Server VM, file.encoding.pkg=sun.io, user.country=US, sun.java.launcher=SUN_STANDARD, sun.os.patch.level=unknown, java.vm.specification.name=Java Virtual Machine Specification, user.dir=/home/yidiyang/workspace/arda-data/analytics-zoo-inference-examples, java.runtime.version=1.8.0_73-b02, basedir=/home/yidiyang/workspace/arda-data/analytics-zoo-inference-examples, java.awt.graphicsenv=sun.awt.X11GraphicsEnvironment, java.endorsed.dirs=/usr/local/lib/jvm/jdk1.8.0_73/jre/lib/endorsed, os.arch=amd64, surefire.real.class.path=/home/yidiyang/workspace/arda-data/analytics-zoo-inference-examples/target/surefire/surefirebooter5639431882188663721.jar, java.io.tmpdir=/tmp, line.separator=
, java.vm.specification.vendor=Oracle Corporation, os.name=Linux, sun.jnu.encoding=UTF-8, java.library.path=:/opt/intel/lib/intel64:/opt/intel/mkl/lib/intel64:/usr/java/packages/lib/amd64:/usr/lib64:/lib64:/lib:/usr/lib, surefire.test.class.path=/home/yidiyang/workspace/arda-data/analytics-zoo-inference-examples/target/test-classes:/home/yidiyang/workspace/arda-data/analytics-zoo-inference-examples/target/classes:/home/yidiyang/.m2/repository/commons-lang/commons-lang/2.6/commons-lang-2.6.jar:/home/yidiyang/.m2/repository/com/intel/analytics/zoo/analytics-zoo-preprocess/0.1.0-SNAPSHOT/analytics-zoo-preprocess-0.1.0-SNAPSHOT.jar:/home/yidiyang/.m2/repository/org/slf4j/slf4j-api/1.7.25/slf4j-api-1.7.25.jar:/home/yidiyang/.m2/repository/ch/qos/logback/logback-classic/1.2.3/logback-classic-1.2.3.jar:/home/yidiyang/.m2/repository/ch/qos/logback/logback-core/1.2.3/logback-core-1.2.3.jar:/home/yidiyang/.m2/repository/com/intel/analytics/zoo/analytics-zoo-SPARK_2.2/0.2.0-SNAPSHOT/analytics-zoo-SPARK_2.2-0.2.0-SNAPSHOT.jar:/home/yidiyang/.m2/repository/com/intel/analytics/bigdl/bigdl-SPARK_2.2/0.5.0/bigdl-SPARK_2.2-0.5.0.jar:/home/yidiyang/.m2/repository/org/apache/opennlp/opennlp-tools/1.6.0/opennlp-tools-1.6.0.jar:/home/yidiyang/.m2/repository/com/twelvemonkeys/imageio/imageio-jpeg/3.2.1/imageio-jpeg-3.2.1.jar:/home/yidiyang/.m2/repository/com/twelvemonkeys/imageio/imageio-core/3.2.1/imageio-core-3.2.1.jar:/home/yidiyang/.m2/repository/com/twelvemonkeys/imageio/imageio-metadata/3.2.1/imageio-metadata-3.2.1.jar:/home/yidiyang/.m2/repository/com/twelvemonkeys/common/common-lang/3.2.1/common-lang-3.2.1.jar:/home/yidiyang/.m2/repository/com/twelvemonkeys/common/common-io/3.2.1/common-io-3.2.1.jar:/home/yidiyang/.m2/repository/com/twelvemonkeys/common/common-image/3.2.1/common-image-3.2.1.jar:/home/yidiyang/.m2/repository/com/intel/analytics/bigdl/core/dist/all/0.5.0/all-0.5.0.jar:/home/yidiyang/.m2/repository/org/qunix/structure-maven-plugin/0.0.2/structure-maven-plugin-0.0.2.jar:/home/yidiyang/.m2/repository/org/apache/maven/maven-plugin-api/2.0/maven-plugin-api-2.0.jar:/home/yidiyang/.m2/repository/org/apache/maven/maven-project/2.0.8/maven-project-2.0.8.jar:/home/yidiyang/.m2/repository/org/apache/maven/maven-settings/2.0.8/maven-settings-2.0.8.jar:/home/yidiyang/.m2/repository/org/apache/maven/maven-profile/2.0.8/maven-profile-2.0.8.jar:/home/yidiyang/.m2/repository/org/apache/maven/maven-model/2.0.8/maven-model-2.0.8.jar:/home/yidiyang/.m2/repository/org/apache/maven/maven-artifact-manager/2.0.8/maven-artifact-manager-2.0.8.jar:/home/yidiyang/.m2/repository/org/apache/maven/maven-repository-metadata/2.0.8/maven-repository-metadata-2.0.8.jar:/home/yidiyang/.m2/repository/org/apache/maven/wagon/wagon-provider-api/1.0-beta-2/wagon-provider-api-1.0-beta-2.jar:/home/yidiyang/.m2/repository/org/apache/maven/maven-plugin-registry/2.0.8/maven-plugin-registry-2.0.8.jar:/home/yidiyang/.m2/repository/org/codehaus/plexus/plexus-utils/1.4.6/plexus-utils-1.4.6.jar:/home/yidiyang/.m2/repository/org/apache/maven/maven-artifact/2.0.8/maven-artifact-2.0.8.jar:/home/yidiyang/.m2/repository/org/codehaus/plexus/plexus-container-default/1.0-alpha-9-stable-1/plexus-container-default-1.0-alpha-9-stable-1.jar:/home/yidiyang/.m2/repository/classworlds/classworlds/1.1-alpha-2/classworlds-1.1-alpha-2.jar:/home/yidiyang/.m2/repository/com/intel/analytics/bigdl/spark-version/2.0-SPARK_2.2/0.5.0/2.0-SPARK_2.2-0.5.0.jar:/home/yidiyang/.m2/repository/com/github/scopt/scopt_2.11/3.2.0/scopt_2.11-3.2.0.jar:/home/yidiyang/.m2/repository/it/unimi/dsi/fastutil/7.0.2/fastutil-7.0.2.jar:/home/yidiyang/.m2/repository/org/tensorflow/tensorflow/1.8.0/tensorflow-1.8.0.jar:/home/yidiyang/.m2/repository/org/tensorflow/libtensorflow/1.8.0/libtensorflow-1.8.0.jar:/home/yidiyang/.m2/repository/org/tensorflow/libtensorflow_jni/1.8.0/libtensorflow_jni-1.8.0.jar:/home/yidiyang/.m2/repository/org/scala-lang/scala-library/2.11.11/scala-library-2.11.11.jar:/home/yidiyang/.m2/repository/org/apache/spark/spark-core_2.11/2.2.0/spark-core_2.11-2.2.0.jar:/home/yidiyang/.m2/repository/org/apache/avro/avro/1.7.7/avro-1.7.7.jar:/home/yidiyang/.m2/repository/org/codehaus/jackson/jackson-core-asl/1.9.13/jackson-core-asl-1.9.13.jar:/home/yidiyang/.m2/repository/org/codehaus/jackson/jackson-mapper-asl/1.9.13/jackson-mapper-asl-1.9.13.jar:/home/yidiyang/.m2/repository/com/thoughtworks/paranamer/paranamer/2.3/paranamer-2.3.jar:/home/yidiyang/.m2/repository/org/apache/commons/commons-compress/1.4.1/commons-compress-1.4.1.jar:/home/yidiyang/.m2/repository/org/tukaani/xz/1.0/xz-1.0.jar:/home/yidiyang/.m2/repository/org/apache/avro/avro-mapred/1.7.7/avro-mapred-1.7.7-hadoop2.jar:/home/yidiyang/.m2/repository/org/apache/avro/avro-ipc/1.7.7/avro-ipc-1.7.7.jar:/home/yidiyang/.m2/repository/org/apache/avro/avro-ipc/1.7.7/avro-ipc-1.7.7-tests.jar:/home/yidiyang/.m2/repository/com/twitter/chill_2.11/0.8.0/chill_2.11-0.8.0.jar:/home/yidiyang/.m2/repository/com/esotericsoftware/kryo-shaded/3.0.3/kryo-shaded-3.0.3.jar:/home/yidiyang/.m2/repository/com/esotericsoftware/minlog/1.3.0/minlog-1.3.0.jar:/home/yidiyang/.m2/repository/com/twitter/chill-java/0.8.0/chill-java-0.8.0.jar:/home/yidiyang/.m2/repository/org/apache/xbean/xbean-asm5-shaded/4.4/xbean-asm5-shaded-4.4.jar:/home/yidiyang/.m2/repository/org/apache/hadoop/hadoop-client/2.6.5/hadoop-client-2.6.5.jar:/home/yidiyang/.m2/repository/org/apache/hadoop/hadoop-common/2.6.5/hadoop-common-2.6.5.jar:/home/yidiyang/.m2/repository/commons-cli/commons-cli/1.2/commons-cli-1.2.jar:/home/yidiyang/.m2/repository/xmlenc/xmlenc/0.52/xmlenc-0.52.jar:/home/yidiyang/.m2/repository/commons-httpclient/commons-httpclient/3.1/commons-httpclient-3.1.jar:/home/yidiyang/.m2/repository/commons-io/commons-io/2.4/commons-io-2.4.jar:/home/yidiyang/.m2/repository/commons-collections/commons-collections/3.2.2/commons-collections-3.2.2.jar:/home/yidiyang/.m2/repository/commons-configuration/commons-configuration/1.6/commons-configuration-1.6.jar:/home/yidiyang/.m2/repository/commons-digester/commons-digester/1.8/commons-digester-1.8.jar:/home/yidiyang/.m2/repository/commons-beanutils/commons-beanutils/1.7.0/commons-beanutils-1.7.0.jar:/home/yidiyang/.m2/repository/commons-beanutils/commons-beanutils-core/1.8.0/commons-beanutils-core-1.8.0.jar:/home/yidiyang/.m2/repository/com/google/protobuf/protobuf-java/2.5.0/protobuf-java-2.5.0.jar:/home/yidiyang/.m2/repository/com/google/code/gson/gson/2.8.5/gson-2.8.5.jar:/home/yidiyang/.m2/repository/org/apache/hadoop/hadoop-auth/2.6.5/hadoop-auth-2.6.5.jar:/home/yidiyang/.m2/repository/org/apache/directory/server/apacheds-kerberos-codec/2.0.0-M15/apacheds-kerberos-codec-2.0.0-M15.jar:/home/yidiyang/.m2/repository/org/apache/directory/server/apacheds-i18n/2.0.0-M15/apacheds-i18n-2.0.0-M15.jar:/home/yidiyang/.m2/repository/org/apache/directory/api/api-asn1-api/1.0.0-M20/api-asn1-api-1.0.0-M20.jar:/home/yidiyang/.m2/repository/org/apache/directory/api/api-util/1.0.0-M20/api-util-1.0.0-M20.jar:/home/yidiyang/.m2/repository/org/apache/curator/curator-client/2.6.0/curator-client-2.6.0.jar:/home/yidiyang/.m2/repository/org/htrace/htrace-core/3.0.4/htrace-core-3.0.4.jar:/home/yidiyang/.m2/repository/org/apache/hadoop/hadoop-hdfs/2.6.5/hadoop-hdfs-2.6.5.jar:/home/yidiyang/.m2/repository/org/mortbay/jetty/jetty-util/6.1.26/jetty-util-6.1.26.jar:/home/yidiyang/.m2/repository/xerces/xercesImpl/2.9.1/xercesImpl-2.9.1.jar:/home/yidiyang/.m2/repository/xml-apis/xml-apis/1.4.01/xml-apis-1.4.01.jar:/home/yidiyang/.m2/repository/org/apache/hadoop/hadoop-mapreduce-client-app/2.6.5/hadoop-mapreduce-client-app-2.6.5.jar:/home/yidiyang/.m2/repository/org/apache/hadoop/hadoop-mapreduce-client-common/2.6.5/hadoop-mapreduce-client-common-2.6.5.jar:/home/yidiyang/.m2/repository/org/apache/hadoop/hadoop-yarn-client/2.6.5/hadoop-yarn-client-2.6.5.jar:/home/yidiyang/.m2/repository/org/apache/hadoop/hadoop-yarn-server-common/2.6.5/hadoop-yarn-server-common-2.6.5.jar:/home/yidiyang/.m2/repository/org/apache/hadoop/hadoop-mapreduce-client-shuffle/2.6.5/hadoop-mapreduce-client-shuffle-2.6.5.jar:/home/yidiyang/.m2/repository/org/apache/hadoop/hadoop-yarn-api/2.6.5/hadoop-yarn-api-2.6.5.jar:/home/yidiyang/.m2/repository/org/apache/hadoop/hadoop-mapreduce-client-core/2.6.5/hadoop-mapreduce-client-core-2.6.5.jar:/home/yidiyang/.m2/repository/org/apache/hadoop/hadoop-yarn-common/2.6.5/hadoop-yarn-common-2.6.5.jar:/home/yidiyang/.m2/repository/javax/xml/bind/jaxb-api/2.3.0/jaxb-api-2.3.0.jar:/home/yidiyang/.m2/repository/org/codehaus/jackson/jackson-jaxrs/1.9.13/jackson-jaxrs-1.9.13.jar:/home/yidiyang/.m2/repository/org/codehaus/jackson/jackson-xc/1.9.13/jackson-xc-1.9.13.jar:/home/yidiyang/.m2/repository/org/apache/hadoop/hadoop-mapreduce-client-jobclient/2.6.5/hadoop-mapreduce-client-jobclient-2.6.5.jar:/home/yidiyang/.m2/repository/org/apache/hadoop/hadoop-annotations/2.6.5/hadoop-annotations-2.6.5.jar:/home/yidiyang/.m2/repository/org/apache/spark/spark-launcher_2.11/2.2.0/spark-launcher_2.11-2.2.0.jar:/home/yidiyang/.m2/repository/org/apache/spark/spark-network-common_2.11/2.2.0/spark-network-common_2.11-2.2.0.jar:/home/yidiyang/.m2/repository/org/fusesource/leveldbjni/leveldbjni-all/1.8/leveldbjni-all-1.8.jar:/home/yidiyang/.m2/repository/com/fasterxml/jackson/core/jackson-annotations/2.9.0/jackson-annotations-2.9.0.jar:/home/yidiyang/.m2/repository/org/apache/spark/spark-network-shuffle_2.11/2.2.0/spark-network-shuffle_2.11-2.2.0.jar:/home/yidiyang/.m2/repository/org/apache/spark/spark-unsafe_2.11/2.2.0/spark-unsafe_2.11-2.2.0.jar:/home/yidiyang/.m2/repository/net/java/dev/jets3t/jets3t/0.9.3/jets3t-0.9.3.jar:/home/yidiyang/.m2/repository/org/apache/httpcomponents/httpcore/4.4.9/httpcore-4.4.9.jar:/home/yidiyang/.m2/repository/org/apache/httpcomponents/httpclient/4.5.5/httpclient-4.5.5.jar:/home/yidiyang/.m2/repository/commons-codec/commons-codec/1.11/commons-codec-1.11.jar:/home/yidiyang/.m2/repository/javax/activation/activation/1.1.1/activation-1.1.1.jar:/home/yidiyang/.m2/repository/mx4j/mx4j/3.0.2/mx4j-3.0.2.jar:/home/yidiyang/.m2/repository/javax/mail/mail/1.4.7/mail-1.4.7.jar:/home/yidiyang/.m2/repository/org/bouncycastle/bcprov-jdk15on/1.51/bcprov-jdk15on-1.51.jar:/home/yidiyang/.m2/repository/com/jamesmurty/utils/java-xmlbuilder/1.0/java-xmlbuilder-1.0.jar:/home/yidiyang/.m2/repository/net/iharder/base64/2.3.8/base64-2.3.8.jar:/home/yidiyang/.m2/repository/org/apache/curator/curator-recipes/2.6.0/curator-recipes-2.6.0.jar:/home/yidiyang/.m2/repository/org/apache/curator/curator-framework/2.6.0/curator-framework-2.6.0.jar:/home/yidiyang/.m2/repository/org/apache/zookeeper/zookeeper/3.4.6/zookeeper-3.4.6.jar:/home/yidiyang/.m2/repository/com/google/guava/guava/16.0.1/guava-16.0.1.jar:/home/yidiyang/.m2/repository/javax/servlet/javax.servlet-api/3.1.0/javax.servlet-api-3.1.0.jar:/home/yidiyang/.m2/repository/org/apache/commons/commons-lang3/3.7/commons-lang3-3.7.jar:/home/yidiyang/.m2/repository/org/apache/commons/commons-math3/3.4.1/commons-math3-3.4.1.jar:/home/yidiyang/.m2/repository/com/google/code/findbugs/jsr305/1.3.9/jsr305-1.3.9.jar:/home/yidiyang/.m2/repository/org/slf4j/jul-to-slf4j/1.7.25/jul-to-slf4j-1.7.25.jar:/home/yidiyang/.m2/repository/org/slf4j/jcl-over-slf4j/1.7.25/jcl-over-slf4j-1.7.25.jar:/home/yidiyang/.m2/repository/log4j/log4j/1.2.17/log4j-1.2.17.jar:/home/yidiyang/.m2/repository/org/slf4j/slf4j-log4j12/1.7.25/slf4j-log4j12-1.7.25.jar:/home/yidiyang/.m2/repository/com/ning/compress-lzf/1.0.3/compress-lzf-1.0.3.jar:/home/yidiyang/.m2/repository/org/xerial/snappy/snappy-java/1.1.2.6/snappy-java-1.1.2.6.jar:/home/yidiyang/.m2/repository/net/jpountz/lz4/lz4/1.3.0/lz4-1.3.0.jar:/home/yidiyang/.m2/repository/org/roaringbitmap/RoaringBitmap/0.5.11/RoaringBitmap-0.5.11.jar:/home/yidiyang/.m2/repository/commons-net/commons-net/2.2/commons-net-2.2.jar:/home/yidiyang/.m2/repository/org/json4s/json4s-jackson_2.11/3.2.11/json4s-jackson_2.11-3.2.11.jar:/home/yidiyang/.m2/repository/org/json4s/json4s-core_2.11/3.2.11/json4s-core_2.11-3.2.11.jar:/home/yidiyang/.m2/repository/org/json4s/json4s-ast_2.11/3.2.11/json4s-ast_2.11-3.2.11.jar:/home/yidiyang/.m2/repository/org/scala-lang/scalap/2.11.0/scalap-2.11.0.jar:/home/yidiyang/.m2/repository/org/scala-lang/scala-compiler/2.11.0/scala-compiler-2.11.0.jar:/home/yidiyang/.m2/repository/org/scala-lang/modules/scala-xml_2.11/1.0.1/scala-xml_2.11-1.0.1.jar:/home/yidiyang/.m2/repository/org/scala-lang/modules/scala-parser-combinators_2.11/1.0.1/scala-parser-combinators_2.11-1.0.1.jar:/home/yidiyang/.m2/repository/org/glassfish/jersey/core/jersey-client/2.26/jersey-client-2.26.jar:/home/yidiyang/.m2/repository/javax/ws/rs/javax.ws.rs-api/2.1/javax.ws.rs-api-2.1.jar:/home/yidiyang/.m2/repository/org/glassfish/hk2/external/javax.inject/2.5.0-b42/javax.inject-2.5.0-b42.jar:/home/yidiyang/.m2/repository/org/glassfish/jersey/core/jersey-common/2.26/jersey-common-2.26.jar:/home/yidiyang/.m2/repository/javax/annotation/javax.annotation-api/1.3.2/javax.annotation-api-1.3.2.jar:/home/yidiyang/.m2/repository/org/glassfish/hk2/osgi-resource-locator/1.0.1/osgi-resource-locator-1.0.1.jar:/home/yidiyang/.m2/repository/org/glassfish/jersey/core/jersey-server/2.26/jersey-server-2.26.jar:/home/yidiyang/.m2/repository/org/glassfish/jersey/media/jersey-media-jaxb/2.26/jersey-media-jaxb-2.26.jar:/home/yidiyang/.m2/repository/javax/validation/validation-api/2.0.1.Final/validation-api-2.0.1.Final.jar:/home/yidiyang/.m2/repository/org/glassfish/jersey/containers/jersey-container-servlet/2.26/jersey-container-servlet-2.26.jar:/home/yidiyang/.m2/repository/org/glassfish/jersey/containers/jersey-container-servlet-core/2.26/jersey-container-servlet-core-2.26.jar:/home/yidiyang/.m2/repository/io/netty/netty-all/4.1.25.Final/netty-all-4.1.25.Final.jar:/home/yidiyang/.m2/repository/io/netty/netty/3.9.9.Final/netty-3.9.9.Final.jar:/home/yidiyang/.m2/repository/com/clearspring/analytics/stream/2.7.0/stream-2.7.0.jar:/home/yidiyang/.m2/repository/io/dropwizard/metrics/metrics-core/3.2.6/metrics-core-3.2.6.jar:/home/yidiyang/.m2/repository/io/dropwizard/metrics/metrics-jvm/3.2.6/metrics-jvm-3.2.6.jar:/home/yidiyang/.m2/repository/io/dropwizard/metrics/metrics-json/3.2.6/metrics-json-3.2.6.jar:/home/yidiyang/.m2/repository/io/dropwizard/metrics/metrics-graphite/3.2.6/metrics-graphite-3.2.6.jar:/home/yidiyang/.m2/repository/com/fasterxml/jackson/core/jackson-databind/2.9.6/jackson-databind-2.9.6.jar:/home/yidiyang/.m2/repository/com/fasterxml/jackson/core/jackson-core/2.9.6/jackson-core-2.9.6.jar:/home/yidiyang/.m2/repository/com/fasterxml/jackson/module/jackson-module-scala_2.11/2.9.6/jackson-module-scala_2.11-2.9.6.jar:/home/yidiyang/.m2/repository/org/scala-lang/scala-reflect/2.11.11/scala-reflect-2.11.11.jar:/home/yidiyang/.m2/repository/com/fasterxml/jackson/module/jackson-module-paranamer/2.9.6/jackson-module-paranamer-2.9.6.jar:/home/yidiyang/.m2/repository/org/apache/ivy/ivy/2.4.0/ivy-2.4.0.jar:/home/yidiyang/.m2/repository/oro/oro/2.0.8/oro-2.0.8.jar:/home/yidiyang/.m2/repository/net/razorvine/pyrolite/4.13/pyrolite-4.13.jar:/home/yidiyang/.m2/repository/net/sf/py4j/py4j/0.10.4/py4j-0.10.4.jar:/home/yidiyang/.m2/repository/org/apache/spark/spark-tags_2.11/2.2.0/spark-tags_2.11-2.2.0.jar:/home/yidiyang/.m2/repository/org/apache/commons/commons-crypto/1.0.0/commons-crypto-1.0.0.jar:/home/yidiyang/.m2/repository/org/spark-project/spark/unused/1.0.0/unused-1.0.0.jar:/home/yidiyang/.m2/repository/org/apache/spark/spark-mllib_2.11/2.2.0/spark-mllib_2.11-2.2.0.jar:/home/yidiyang/.m2/repository/org/apache/spark/spark-streaming_2.11/2.2.0/spark-streaming_2.11-2.2.0.jar:/home/yidiyang/.m2/repository/org/apache/spark/spark-sql_2.11/2.2.0/spark-sql_2.11-2.2.0.jar:/home/yidiyang/.m2/repository/com/univocity/univocity-parsers/2.2.1/univocity-parsers-2.2.1.jar:/home/yidiyang/.m2/repository/org/apache/spark/spark-sketch_2.11/2.2.0/spark-sketch_2.11-2.2.0.jar:/home/yidiyang/.m2/repository/org/apache/spark/spark-catalyst_2.11/2.2.0/spark-catalyst_2.11-2.2.0.jar:/home/yidiyang/.m2/repository/org/codehaus/janino/janino/3.0.8/janino-3.0.8.jar:/home/yidiyang/.m2/repository/org/codehaus/janino/commons-compiler/3.0.0/commons-compiler-3.0.0.jar:/home/yidiyang/.m2/repository/org/antlr/antlr4-runtime/4.5.3/antlr4-runtime-4.5.3.jar:/home/yidiyang/.m2/repository/org/apache/parquet/parquet-column/1.8.2/parquet-column-1.8.2.jar:/home/yidiyang/.m2/repository/org/apache/parquet/parquet-common/1.8.2/parquet-common-1.8.2.jar:/home/yidiyang/.m2/repository/org/apache/parquet/parquet-encoding/1.8.2/parquet-encoding-1.8.2.jar:/home/yidiyang/.m2/repository/org/apache/parquet/parquet-hadoop/1.8.2/parquet-hadoop-1.8.2.jar:/home/yidiyang/.m2/repository/org/apache/parquet/parquet-format/2.3.1/parquet-format-2.3.1.jar:/home/yidiyang/.m2/repository/org/apache/parquet/parquet-jackson/1.8.2/parquet-jackson-1.8.2.jar:/home/yidiyang/.m2/repository/org/apache/spark/spark-graphx_2.11/2.2.0/spark-graphx_2.11-2.2.0.jar:/home/yidiyang/.m2/repository/com/github/fommil/netlib/core/1.1.2/core-1.1.2.jar:/home/yidiyang/.m2/repository/net/sourceforge/f2j/arpack_combined_all/0.1/arpack_combined_all-0.1.jar:/home/yidiyang/.m2/repository/org/apache/spark/spark-mllib-local_2.11/2.2.0/spark-mllib-local_2.11-2.2.0.jar:/home/yidiyang/.m2/repository/org/scalanlp/breeze_2.11/0.13.1/breeze_2.11-0.13.1.jar:/home/yidiyang/.m2/repository/org/scalanlp/breeze-macros_2.11/0.13.1/breeze-macros_2.11-0.13.1.jar:/home/yidiyang/.m2/repository/net/sf/opencsv/opencsv/2.3/opencsv-2.3.jar:/home/yidiyang/.m2/repository/com/github/rwl/jtransforms/2.4.0/jtransforms-2.4.0.jar:/home/yidiyang/.m2/repository/org/spire-math/spire_2.11/0.13.0/spire_2.11-0.13.0.jar:/home/yidiyang/.m2/repository/org/spire-math/spire-macros_2.11/0.13.0/spire-macros_2.11-0.13.0.jar:/home/yidiyang/.m2/repository/org/typelevel/machinist_2.11/0.6.1/machinist_2.11-0.6.1.jar:/home/yidiyang/.m2/repository/com/chuusai/shapeless_2.11/2.3.2/shapeless_2.11-2.3.2.jar:/home/yidiyang/.m2/repository/org/typelevel/macro-compat_2.11/1.1.1/macro-compat_2.11-1.1.1.jar:/home/yidiyang/.m2/repository/org/jpmml/pmml-model/1.2.15/pmml-model-1.2.15.jar:/home/yidiyang/.m2/repository/org/jpmml/pmml-schema/1.2.15/pmml-schema-1.2.15.jar:/home/yidiyang/.m2/repository/org/springframework/boot/spring-boot-starter-web/2.0.3.RELEASE/spring-boot-starter-web-2.0.3.RELEASE.jar:/home/yidiyang/.m2/repository/org/springframework/boot/spring-boot-starter/2.0.3.RELEASE/spring-boot-starter-2.0.3.RELEASE.jar:/home/yidiyang/.m2/repository/org/springframework/boot/spring-boot/2.0.3.RELEASE/spring-boot-2.0.3.RELEASE.jar:/home/yidiyang/.m2/repository/org/springframework/boot/spring-boot-autoconfigure/2.0.3.RELEASE/spring-boot-autoconfigure-2.0.3.RELEASE.jar:/home/yidiyang/.m2/repository/org/springframework/boot/spring-boot-starter-logging/2.0.3.RELEASE/spring-boot-starter-logging-2.0.3.RELEASE.jar:/home/yidiyang/.m2/repository/org/apache/logging/log4j/log4j-to-slf4j/2.10.0/log4j-to-slf4j-2.10.0.jar:/home/yidiyang/.m2/repository/org/apache/logging/log4j/log4j-api/2.10.0/log4j-api-2.10.0.jar:/home/yidiyang/.m2/repository/org/yaml/snakeyaml/1.19/snakeyaml-1.19.jar:/home/yidiyang/.m2/repository/org/springframework/boot/spring-boot-starter-json/2.0.3.RELEASE/spring-boot-starter-json-2.0.3.RELEASE.jar:/home/yidiyang/.m2/repository/com/fasterxml/jackson/datatype/jackson-datatype-jdk8/2.9.6/jackson-datatype-jdk8-2.9.6.jar:/home/yidiyang/.m2/repository/com/fasterxml/jackson/datatype/jackson-datatype-jsr310/2.9.6/jackson-datatype-jsr310-2.9.6.jar:/home/yidiyang/.m2/repository/com/fasterxml/jackson/module/jackson-module-parameter-names/2.9.6/jackson-module-parameter-names-2.9.6.jar:/home/yidiyang/.m2/repository/org/springframework/boot/spring-boot-starter-tomcat/2.0.3.RELEASE/spring-boot-starter-tomcat-2.0.3.RELEASE.jar:/home/yidiyang/.m2/repository/org/apache/tomcat/embed/tomcat-embed-core/8.5.31/tomcat-embed-core-8.5.31.jar:/home/yidiyang/.m2/repository/org/apache/tomcat/embed/tomcat-embed-el/8.5.31/tomcat-embed-el-8.5.31.jar:/home/yidiyang/.m2/repository/org/apache/tomcat/embed/tomcat-embed-websocket/8.5.31/tomcat-embed-websocket-8.5.31.jar:/home/yidiyang/.m2/repository/org/hibernate/validator/hibernate-validator/6.0.10.Final/hibernate-validator-6.0.10.Final.jar:/home/yidiyang/.m2/repository/org/jboss/logging/jboss-logging/3.3.2.Final/jboss-logging-3.3.2.Final.jar:/home/yidiyang/.m2/repository/com/fasterxml/classmate/1.3.4/classmate-1.3.4.jar:/home/yidiyang/.m2/repository/org/springframework/spring-web/5.0.7.RELEASE/spring-web-5.0.7.RELEASE.jar:/home/yidiyang/.m2/repository/org/springframework/spring-beans/5.0.7.RELEASE/spring-beans-5.0.7.RELEASE.jar:/home/yidiyang/.m2/repository/org/springframework/spring-webmvc/5.0.7.RELEASE/spring-webmvc-5.0.7.RELEASE.jar:/home/yidiyang/.m2/repository/org/springframework/spring-aop/5.0.7.RELEASE/spring-aop-5.0.7.RELEASE.jar:/home/yidiyang/.m2/repository/org/springframework/spring-context/5.0.7.RELEASE/spring-context-5.0.7.RELEASE.jar:/home/yidiyang/.m2/repository/org/springframework/spring-expression/5.0.7.RELEASE/spring-expression-5.0.7.RELEASE.jar:/home/yidiyang/.m2/repository/org/springframework/boot/spring-boot-starter-test/2.0.3.RELEASE/spring-boot-starter-test-2.0.3.RELEASE.jar:/home/yidiyang/.m2/repository/org/springframework/boot/spring-boot-test/2.0.3.RELEASE/spring-boot-test-2.0.3.RELEASE.jar:/home/yidiyang/.m2/repository/org/springframework/boot/spring-boot-test-autoconfigure/2.0.3.RELEASE/spring-boot-test-autoconfigure-2.0.3.RELEASE.jar:/home/yidiyang/.m2/repository/junit/junit/4.12/junit-4.12.jar:/home/yidiyang/.m2/repository/org/assertj/assertj-core/3.9.1/assertj-core-3.9.1.jar:/home/yidiyang/.m2/repository/org/mockito/mockito-core/2.15.0/mockito-core-2.15.0.jar:/home/yidiyang/.m2/repository/net/bytebuddy/byte-buddy/1.7.11/byte-buddy-1.7.11.jar:/home/yidiyang/.m2/repository/net/bytebuddy/byte-buddy-agent/1.7.11/byte-buddy-agent-1.7.11.jar:/home/yidiyang/.m2/repository/org/objenesis/objenesis/2.6/objenesis-2.6.jar:/home/yidiyang/.m2/repository/org/hamcrest/hamcrest-core/1.3/hamcrest-core-1.3.jar:/home/yidiyang/.m2/repository/org/hamcrest/hamcrest-library/1.3/hamcrest-library-1.3.jar:/home/yidiyang/.m2/repository/org/skyscreamer/jsonassert/1.5.0/jsonassert-1.5.0.jar:/home/yidiyang/.m2/repository/com/vaadin/external/google/android-json/0.0.20131108.vaadin1/android-json-0.0.20131108.vaadin1.jar:/home/yidiyang/.m2/repository/org/springframework/spring-core/5.0.7.RELEASE/spring-core-5.0.7.RELEASE.jar:/home/yidiyang/.m2/repository/org/springframework/spring-jcl/5.0.7.RELEASE/spring-jcl-5.0.7.RELEASE.jar:/home/yidiyang/.m2/repository/org/springframework/spring-test/5.0.7.RELEASE/spring-test-5.0.7.RELEASE.jar:/home/yidiyang/.m2/repository/org/xmlunit/xmlunit-core/2.5.1/xmlunit-core-2.5.1.jar:/home/yidiyang/.m2/repository/com/jayway/jsonpath/json-path/2.4.0/json-path-2.4.0.jar:/home/yidiyang/.m2/repository/net/minidev/json-smart/2.3/json-smart-2.3.jar:/home/yidiyang/.m2/repository/net/minidev/accessors-smart/1.2/accessors-smart-1.2.jar:/home/yidiyang/.m2/repository/org/ow2/asm/asm/5.0.4/asm-5.0.4.jar:, java.specification.name=Java Platform API Specification, java.class.version=52.0, sun.management.compiler=HotSpot 64-Bit Tiered Compilers, os.version=3.13.0-24-generic, user.home=/home/yidiyang, user.timezone=Asia/Shanghai, java.awt.printerjob=sun.print.PSPrinterJob, file.encoding=UTF-8, java.specification.version=1.8, java.class.path=/home/yidiyang/workspace/arda-data/analytics-zoo-inference-examples/target/test-classes:/home/yidiyang/workspace/arda-data/analytics-zoo-inference-examples/target/classes:/home/yidiyang/.m2/repository/commons-lang/commons-lang/2.6/commons-lang-2.6.jar:/home/yidiyang/.m2/repository/com/intel/analytics/zoo/analytics-zoo-preprocess/0.1.0-SNAPSHOT/analytics-zoo-preprocess-0.1.0-SNAPSHOT.jar:/home/yidiyang/.m2/repository/org/slf4j/slf4j-api/1.7.25/slf4j-api-1.7.25.jar:/home/yidiyang/.m2/repository/ch/qos/logback/logback-classic/1.2.3/logback-classic-1.2.3.jar:/home/yidiyang/.m2/repository/ch/qos/logback/logback-core/1.2.3/logback-core-1.2.3.jar:/home/yidiyang/.m2/repository/com/intel/analytics/zoo/analytics-zoo-SPARK_2.2/0.2.0-SNAPSHOT/analytics-zoo-SPARK_2.2-0.2.0-SNAPSHOT.jar:/home/yidiyang/.m2/repository/com/intel/analytics/bigdl/bigdl-SPARK_2.2/0.5.0/bigdl-SPARK_2.2-0.5.0.jar:/home/yidiyang/.m2/repository/org/apache/opennlp/opennlp-tools/1.6.0/opennlp-tools-1.6.0.jar:/home/yidiyang/.m2/repository/com/twelvemonkeys/imageio/imageio-jpeg/3.2.1/imageio-jpeg-3.2.1.jar:/home/yidiyang/.m2/repository/com/twelvemonkeys/imageio/imageio-core/3.2.1/imageio-core-3.2.1.jar:/home/yidiyang/.m2/repository/com/twelvemonkeys/imageio/imageio-metadata/3.2.1/imageio-metadata-3.2.1.jar:/home/yidiyang/.m2/repository/com/twelvemonkeys/common/common-lang/3.2.1/common-lang-3.2.1.jar:/home/yidiyang/.m2/repository/com/twelvemonkeys/common/common-io/3.2.1/common-io-3.2.1.jar:/home/yidiyang/.m2/repository/com/twelvemonkeys/common/common-image/3.2.1/common-image-3.2.1.jar:/home/yidiyang/.m2/repository/com/intel/analytics/bigdl/core/dist/all/0.5.0/all-0.5.0.jar:/home/yidiyang/.m2/repository/org/qunix/structure-maven-plugin/0.0.2/structure-maven-plugin-0.0.2.jar:/home/yidiyang/.m2/repository/org/apache/maven/maven-plugin-api/2.0/maven-plugin-api-2.0.jar:/home/yidiyang/.m2/repository/org/apache/maven/maven-project/2.0.8/maven-project-2.0.8.jar:/home/yidiyang/.m2/repository/org/apache/maven/maven-settings/2.0.8/maven-settings-2.0.8.jar:/home/yidiyang/.m2/repository/org/apache/maven/maven-profile/2.0.8/maven-profile-2.0.8.jar:/home/yidiyang/.m2/repository/org/apache/maven/maven-model/2.0.8/maven-model-2.0.8.jar:/home/yidiyang/.m2/repository/org/apache/maven/maven-artifact-manager/2.0.8/maven-artifact-manager-2.0.8.jar:/home/yidiyang/.m2/repository/org/apache/maven/maven-repository-metadata/2.0.8/maven-repository-metadata-2.0.8.jar:/home/yidiyang/.m2/repository/org/apache/maven/wagon/wagon-provider-api/1.0-beta-2/wagon-provider-api-1.0-beta-2.jar:/home/yidiyang/.m2/repository/org/apache/maven/maven-plugin-registry/2.0.8/maven-plugin-registry-2.0.8.jar:/home/yidiyang/.m2/repository/org/codehaus/plexus/plexus-utils/1.4.6/plexus-utils-1.4.6.jar:/home/yidiyang/.m2/repository/org/apache/maven/maven-artifact/2.0.8/maven-artifact-2.0.8.jar:/home/yidiyang/.m2/repository/org/codehaus/plexus/plexus-container-default/1.0-alpha-9-stable-1/plexus-container-default-1.0-alpha-9-stable-1.jar:/home/yidiyang/.m2/repository/classworlds/classworlds/1.1-alpha-2/classworlds-1.1-alpha-2.jar:/home/yidiyang/.m2/repository/com/intel/analytics/bigdl/spark-version/2.0-SPARK_2.2/0.5.0/2.0-SPARK_2.2-0.5.0.jar:/home/yidiyang/.m2/repository/com/github/scopt/scopt_2.11/3.2.0/scopt_2.11-3.2.0.jar:/home/yidiyang/.m2/repository/it/unimi/dsi/fastutil/7.0.2/fastutil-7.0.2.jar:/home/yidiyang/.m2/repository/org/tensorflow/tensorflow/1.8.0/tensorflow-1.8.0.jar:/home/yidiyang/.m2/repository/org/tensorflow/libtensorflow/1.8.0/libtensorflow-1.8.0.jar:/home/yidiyang/.m2/repository/org/tensorflow/libtensorflow_jni/1.8.0/libtensorflow_jni-1.8.0.jar:/home/yidiyang/.m2/repository/org/scala-lang/scala-library/2.11.11/scala-library-2.11.11.jar:/home/yidiyang/.m2/repository/org/apache/spark/spark-core_2.11/2.2.0/spark-core_2.11-2.2.0.jar:/home/yidiyang/.m2/repository/org/apache/avro/avro/1.7.7/avro-1.7.7.jar:/home/yidiyang/.m2/repository/org/codehaus/jackson/jackson-core-asl/1.9.13/jackson-core-asl-1.9.13.jar:/home/yidiyang/.m2/repository/org/codehaus/jackson/jackson-mapper-asl/1.9.13/jackson-mapper-asl-1.9.13.jar:/home/yidiyang/.m2/repository/com/thoughtworks/paranamer/paranamer/2.3/paranamer-2.3.jar:/home/yidiyang/.m2/repository/org/apache/commons/commons-compress/1.4.1/commons-compress-1.4.1.jar:/home/yidiyang/.m2/repository/org/tukaani/xz/1.0/xz-1.0.jar:/home/yidiyang/.m2/repository/org/apache/avro/avro-mapred/1.7.7/avro-mapred-1.7.7-hadoop2.jar:/home/yidiyang/.m2/repository/org/apache/avro/avro-ipc/1.7.7/avro-ipc-1.7.7.jar:/home/yidiyang/.m2/repository/org/apache/avro/avro-ipc/1.7.7/avro-ipc-1.7.7-tests.jar:/home/yidiyang/.m2/repository/com/twitter/chill_2.11/0.8.0/chill_2.11-0.8.0.jar:/home/yidiyang/.m2/repository/com/esotericsoftware/kryo-shaded/3.0.3/kryo-shaded-3.0.3.jar:/home/yidiyang/.m2/repository/com/esotericsoftware/minlog/1.3.0/minlog-1.3.0.jar:/home/yidiyang/.m2/repository/com/twitter/chill-java/0.8.0/chill-java-0.8.0.jar:/home/yidiyang/.m2/repository/org/apache/xbean/xbean-asm5-shaded/4.4/xbean-asm5-shaded-4.4.jar:/home/yidiyang/.m2/repository/org/apache/hadoop/hadoop-client/2.6.5/hadoop-client-2.6.5.jar:/home/yidiyang/.m2/repository/org/apache/hadoop/hadoop-common/2.6.5/hadoop-common-2.6.5.jar:/home/yidiyang/.m2/repository/commons-cli/commons-cli/1.2/commons-cli-1.2.jar:/home/yidiyang/.m2/repository/xmlenc/xmlenc/0.52/xmlenc-0.52.jar:/home/yidiyang/.m2/repository/commons-httpclient/commons-httpclient/3.1/commons-httpclient-3.1.jar:/home/yidiyang/.m2/repository/commons-io/commons-io/2.4/commons-io-2.4.jar:/home/yidiyang/.m2/repository/commons-collections/commons-collections/3.2.2/commons-collections-3.2.2.jar:/home/yidiyang/.m2/repository/commons-configuration/commons-configuration/1.6/commons-configuration-1.6.jar:/home/yidiyang/.m2/repository/commons-digester/commons-digester/1.8/commons-digester-1.8.jar:/home/yidiyang/.m2/repository/commons-beanutils/commons-beanutils/1.7.0/commons-beanutils-1.7.0.jar:/home/yidiyang/.m2/repository/commons-beanutils/commons-beanutils-core/1.8.0/commons-beanutils-core-1.8.0.jar:/home/yidiyang/.m2/repository/com/google/protobuf/protobuf-java/2.5.0/protobuf-java-2.5.0.jar:/home/yidiyang/.m2/repository/com/google/code/gson/gson/2.8.5/gson-2.8.5.jar:/home/yidiyang/.m2/repository/org/apache/hadoop/hadoop-auth/2.6.5/hadoop-auth-2.6.5.jar:/home/yidiyang/.m2/repository/org/apache/directory/server/apacheds-kerberos-codec/2.0.0-M15/apacheds-kerberos-codec-2.0.0-M15.jar:/home/yidiyang/.m2/repository/org/apache/directory/server/apacheds-i18n/2.0.0-M15/apacheds-i18n-2.0.0-M15.jar:/home/yidiyang/.m2/repository/org/apache/directory/api/api-asn1-api/1.0.0-M20/api-asn1-api-1.0.0-M20.jar:/home/yidiyang/.m2/repository/org/apache/directory/api/api-util/1.0.0-M20/api-util-1.0.0-M20.jar:/home/yidiyang/.m2/repository/org/apache/curator/curator-client/2.6.0/curator-client-2.6.0.jar:/home/yidiyang/.m2/repository/org/htrace/htrace-core/3.0.4/htrace-core-3.0.4.jar:/home/yidiyang/.m2/repository/org/apache/hadoop/hadoop-hdfs/2.6.5/hadoop-hdfs-2.6.5.jar:/home/yidiyang/.m2/repository/org/mortbay/jetty/jetty-util/6.1.26/jetty-util-6.1.26.jar:/home/yidiyang/.m2/repository/xerces/xercesImpl/2.9.1/xercesImpl-2.9.1.jar:/home/yidiyang/.m2/repository/xml-apis/xml-apis/1.4.01/xml-apis-1.4.01.jar:/home/yidiyang/.m2/repository/org/apache/hadoop/hadoop-mapreduce-client-app/2.6.5/hadoop-mapreduce-client-app-2.6.5.jar:/home/yidiyang/.m2/repository/org/apache/hadoop/hadoop-mapreduce-client-common/2.6.5/hadoop-mapreduce-client-common-2.6.5.jar:/home/yidiyang/.m2/repository/org/apache/hadoop/hadoop-yarn-client/2.6.5/hadoop-yarn-client-2.6.5.jar:/home/yidiyang/.m2/repository/org/apache/hadoop/hadoop-yarn-server-common/2.6.5/hadoop-yarn-server-common-2.6.5.jar:/home/yidiyang/.m2/repository/org/apache/hadoop/hadoop-mapreduce-client-shuffle/2.6.5/hadoop-mapreduce-client-shuffle-2.6.5.jar:/home/yidiyang/.m2/repository/org/apache/hadoop/hadoop-yarn-api/2.6.5/hadoop-yarn-api-2.6.5.jar:/home/yidiyang/.m2/repository/org/apache/hadoop/hadoop-mapreduce-client-core/2.6.5/hadoop-mapreduce-client-core-2.6.5.jar:/home/yidiyang/.m2/repository/org/apache/hadoop/hadoop-yarn-common/2.6.5/hadoop-yarn-common-2.6.5.jar:/home/yidiyang/.m2/repository/javax/xml/bind/jaxb-api/2.3.0/jaxb-api-2.3.0.jar:/home/yidiyang/.m2/repository/org/codehaus/jackson/jackson-jaxrs/1.9.13/jackson-jaxrs-1.9.13.jar:/home/yidiyang/.m2/repository/org/codehaus/jackson/jackson-xc/1.9.13/jackson-xc-1.9.13.jar:/home/yidiyang/.m2/repository/org/apache/hadoop/hadoop-mapreduce-client-jobclient/2.6.5/hadoop-mapreduce-client-jobclient-2.6.5.jar:/home/yidiyang/.m2/repository/org/apache/hadoop/hadoop-annotations/2.6.5/hadoop-annotations-2.6.5.jar:/home/yidiyang/.m2/repository/org/apache/spark/spark-launcher_2.11/2.2.0/spark-launcher_2.11-2.2.0.jar:/home/yidiyang/.m2/repository/org/apache/spark/spark-network-common_2.11/2.2.0/spark-network-common_2.11-2.2.0.jar:/home/yidiyang/.m2/repository/org/fusesource/leveldbjni/leveldbjni-all/1.8/leveldbjni-all-1.8.jar:/home/yidiyang/.m2/repository/com/fasterxml/jackson/core/jackson-annotations/2.9.0/jackson-annotations-2.9.0.jar:/home/yidiyang/.m2/repository/org/apache/spark/spark-network-shuffle_2.11/2.2.0/spark-network-shuffle_2.11-2.2.0.jar:/home/yidiyang/.m2/repository/org/apache/spark/spark-unsafe_2.11/2.2.0/spark-unsafe_2.11-2.2.0.jar:/home/yidiyang/.m2/repository/net/java/dev/jets3t/jets3t/0.9.3/jets3t-0.9.3.jar:/home/yidiyang/.m2/repository/org/apache/httpcomponents/httpcore/4.4.9/httpcore-4.4.9.jar:/home/yidiyang/.m2/repository/org/apache/httpcomponents/httpclient/4.5.5/httpclient-4.5.5.jar:/home/yidiyang/.m2/repository/commons-codec/commons-codec/1.11/commons-codec-1.11.jar:/home/yidiyang/.m2/repository/javax/activation/activation/1.1.1/activation-1.1.1.jar:/home/yidiyang/.m2/repository/mx4j/mx4j/3.0.2/mx4j-3.0.2.jar:/home/yidiyang/.m2/repository/javax/mail/mail/1.4.7/mail-1.4.7.jar:/home/yidiyang/.m2/repository/org/bouncycastle/bcprov-jdk15on/1.51/bcprov-jdk15on-1.51.jar:/home/yidiyang/.m2/repository/com/jamesmurty/utils/java-xmlbuilder/1.0/java-xmlbuilder-1.0.jar:/home/yidiyang/.m2/repository/net/iharder/base64/2.3.8/base64-2.3.8.jar:/home/yidiyang/.m2/repository/org/apache/curator/curator-recipes/2.6.0/curator-recipes-2.6.0.jar:/home/yidiyang/.m2/repository/org/apache/curator/curator-framework/2.6.0/curator-framework-2.6.0.jar:/home/yidiyang/.m2/repository/org/apache/zookeeper/zookeeper/3.4.6/zookeeper-3.4.6.jar:/home/yidiyang/.m2/repository/com/google/guava/guava/16.0.1/guava-16.0.1.jar:/home/yidiyang/.m2/repository/javax/servlet/javax.servlet-api/3.1.0/javax.servlet-api-3.1.0.jar:/home/yidiyang/.m2/repository/org/apache/commons/commons-lang3/3.7/commons-lang3-3.7.jar:/home/yidiyang/.m2/repository/org/apache/commons/commons-math3/3.4.1/commons-math3-3.4.1.jar:/home/yidiyang/.m2/repository/com/google/code/findbugs/jsr305/1.3.9/jsr305-1.3.9.jar:/home/yidiyang/.m2/repository/org/slf4j/jul-to-slf4j/1.7.25/jul-to-slf4j-1.7.25.jar:/home/yidiyang/.m2/repository/org/slf4j/jcl-over-slf4j/1.7.25/jcl-over-slf4j-1.7.25.jar:/home/yidiyang/.m2/repository/log4j/log4j/1.2.17/log4j-1.2.17.jar:/home/yidiyang/.m2/repository/org/slf4j/slf4j-log4j12/1.7.25/slf4j-log4j12-1.7.25.jar:/home/yidiyang/.m2/repository/com/ning/compress-lzf/1.0.3/compress-lzf-1.0.3.jar:/home/yidiyang/.m2/repository/org/xerial/snappy/snappy-java/1.1.2.6/snappy-java-1.1.2.6.jar:/home/yidiyang/.m2/repository/net/jpountz/lz4/lz4/1.3.0/lz4-1.3.0.jar:/home/yidiyang/.m2/repository/org/roaringbitmap/RoaringBitmap/0.5.11/RoaringBitmap-0.5.11.jar:/home/yidiyang/.m2/repository/commons-net/commons-net/2.2/commons-net-2.2.jar:/home/yidiyang/.m2/repository/org/json4s/json4s-jackson_2.11/3.2.11/json4s-jackson_2.11-3.2.11.jar:/home/yidiyang/.m2/repository/org/json4s/json4s-core_2.11/3.2.11/json4s-core_2.11-3.2.11.jar:/home/yidiyang/.m2/repository/org/json4s/json4s-ast_2.11/3.2.11/json4s-ast_2.11-3.2.11.jar:/home/yidiyang/.m2/repository/org/scala-lang/scalap/2.11.0/scalap-2.11.0.jar:/home/yidiyang/.m2/repository/org/scala-lang/scala-compiler/2.11.0/scala-compiler-2.11.0.jar:/home/yidiyang/.m2/repository/org/scala-lang/modules/scala-xml_2.11/1.0.1/scala-xml_2.11-1.0.1.jar:/home/yidiyang/.m2/repository/org/scala-lang/modules/scala-parser-combinators_2.11/1.0.1/scala-parser-combinators_2.11-1.0.1.jar:/home/yidiyang/.m2/repository/org/glassfish/jersey/core/jersey-client/2.26/jersey-client-2.26.jar:/home/yidiyang/.m2/repository/javax/ws/rs/javax.ws.rs-api/2.1/javax.ws.rs-api-2.1.jar:/home/yidiyang/.m2/repository/org/glassfish/hk2/external/javax.inject/2.5.0-b42/javax.inject-2.5.0-b42.jar:/home/yidiyang/.m2/repository/org/glassfish/jersey/core/jersey-common/2.26/jersey-common-2.26.jar:/home/yidiyang/.m2/repository/javax/annotation/javax.annotation-api/1.3.2/javax.annotation-api-1.3.2.jar:/home/yidiyang/.m2/repository/org/glassfish/hk2/osgi-resource-locator/1.0.1/osgi-resource-locator-1.0.1.jar:/home/yidiyang/.m2/repository/org/glassfish/jersey/core/jersey-server/2.26/jersey-server-2.26.jar:/home/yidiyang/.m2/repository/org/glassfish/jersey/media/jersey-media-jaxb/2.26/jersey-media-jaxb-2.26.jar:/home/yidiyang/.m2/repository/javax/validation/validation-api/2.0.1.Final/validation-api-2.0.1.Final.jar:/home/yidiyang/.m2/repository/org/glassfish/jersey/containers/jersey-container-servlet/2.26/jersey-container-servlet-2.26.jar:/home/yidiyang/.m2/repository/org/glassfish/jersey/containers/jersey-container-servlet-core/2.26/jersey-container-servlet-core-2.26.jar:/home/yidiyang/.m2/repository/io/netty/netty-all/4.1.25.Final/netty-all-4.1.25.Final.jar:/home/yidiyang/.m2/repository/io/netty/netty/3.9.9.Final/netty-3.9.9.Final.jar:/home/yidiyang/.m2/repository/com/clearspring/analytics/stream/2.7.0/stream-2.7.0.jar:/home/yidiyang/.m2/repository/io/dropwizard/metrics/metrics-core/3.2.6/metrics-core-3.2.6.jar:/home/yidiyang/.m2/repository/io/dropwizard/metrics/metrics-jvm/3.2.6/metrics-jvm-3.2.6.jar:/home/yidiyang/.m2/repository/io/dropwizard/metrics/metrics-json/3.2.6/metrics-json-3.2.6.jar:/home/yidiyang/.m2/repository/io/dropwizard/metrics/metrics-graphite/3.2.6/metrics-graphite-3.2.6.jar:/home/yidiyang/.m2/repository/com/fasterxml/jackson/core/jackson-databind/2.9.6/jackson-databind-2.9.6.jar:/home/yidiyang/.m2/repository/com/fasterxml/jackson/core/jackson-core/2.9.6/jackson-core-2.9.6.jar:/home/yidiyang/.m2/repository/com/fasterxml/jackson/module/jackson-module-scala_2.11/2.9.6/jackson-module-scala_2.11-2.9.6.jar:/home/yidiyang/.m2/repository/org/scala-lang/scala-reflect/2.11.11/scala-reflect-2.11.11.jar:/home/yidiyang/.m2/repository/com/fasterxml/jackson/module/jackson-module-paranamer/2.9.6/jackson-module-paranamer-2.9.6.jar:/home/yidiyang/.m2/repository/org/apache/ivy/ivy/2.4.0/ivy-2.4.0.jar:/home/yidiyang/.m2/repository/oro/oro/2.0.8/oro-2.0.8.jar:/home/yidiyang/.m2/repository/net/razorvine/pyrolite/4.13/pyrolite-4.13.jar:/home/yidiyang/.m2/repository/net/sf/py4j/py4j/0.10.4/py4j-0.10.4.jar:/home/yidiyang/.m2/repository/org/apache/spark/spark-tags_2.11/2.2.0/spark-tags_2.11-2.2.0.jar:/home/yidiyang/.m2/repository/org/apache/commons/commons-crypto/1.0.0/commons-crypto-1.0.0.jar:/home/yidiyang/.m2/repository/org/spark-project/spark/unused/1.0.0/unused-1.0.0.jar:/home/yidiyang/.m2/repository/org/apache/spark/spark-mllib_2.11/2.2.0/spark-mllib_2.11-2.2.0.jar:/home/yidiyang/.m2/repository/org/apache/spark/spark-streaming_2.11/2.2.0/spark-streaming_2.11-2.2.0.jar:/home/yidiyang/.m2/repository/org/apache/spark/spark-sql_2.11/2.2.0/spark-sql_2.11-2.2.0.jar:/home/yidiyang/.m2/repository/com/univocity/univocity-parsers/2.2.1/univocity-parsers-2.2.1.jar:/home/yidiyang/.m2/repository/org/apache/spark/spark-sketch_2.11/2.2.0/spark-sketch_2.11-2.2.0.jar:/home/yidiyang/.m2/repository/org/apache/spark/spark-catalyst_2.11/2.2.0/spark-catalyst_2.11-2.2.0.jar:/home/yidiyang/.m2/repository/org/codehaus/janino/janino/3.0.8/janino-3.0.8.jar:/home/yidiyang/.m2/repository/org/codehaus/janino/commons-compiler/3.0.0/commons-compiler-3.0.0.jar:/home/yidiyang/.m2/repository/org/antlr/antlr4-runtime/4.5.3/antlr4-runtime-4.5.3.jar:/home/yidiyang/.m2/repository/org/apache/parquet/parquet-column/1.8.2/parquet-column-1.8.2.jar:/home/yidiyang/.m2/repository/org/apache/parquet/parquet-common/1.8.2/parquet-common-1.8.2.jar:/home/yidiyang/.m2/repository/org/apache/parquet/parquet-encoding/1.8.2/parquet-encoding-1.8.2.jar:/home/yidiyang/.m2/repository/org/apache/parquet/parquet-hadoop/1.8.2/parquet-hadoop-1.8.2.jar:/home/yidiyang/.m2/repository/org/apache/parquet/parquet-format/2.3.1/parquet-format-2.3.1.jar:/home/yidiyang/.m2/repository/org/apache/parquet/parquet-jackson/1.8.2/parquet-jackson-1.8.2.jar:/home/yidiyang/.m2/repository/org/apache/spark/spark-graphx_2.11/2.2.0/spark-graphx_2.11-2.2.0.jar:/home/yidiyang/.m2/repository/com/github/fommil/netlib/core/1.1.2/core-1.1.2.jar:/home/yidiyang/.m2/repository/net/sourceforge/f2j/arpack_combined_all/0.1/arpack_combined_all-0.1.jar:/home/yidiyang/.m2/repository/org/apache/spark/spark-mllib-local_2.11/2.2.0/spark-mllib-local_2.11-2.2.0.jar:/home/yidiyang/.m2/repository/org/scalanlp/breeze_2.11/0.13.1/breeze_2.11-0.13.1.jar:/home/yidiyang/.m2/repository/org/scalanlp/breeze-macros_2.11/0.13.1/breeze-macros_2.11-0.13.1.jar:/home/yidiyang/.m2/repository/net/sf/opencsv/opencsv/2.3/opencsv-2.3.jar:/home/yidiyang/.m2/repository/com/github/rwl/jtransforms/2.4.0/jtransforms-2.4.0.jar:/home/yidiyang/.m2/repository/org/spire-math/spire_2.11/0.13.0/spire_2.11-0.13.0.jar:/home/yidiyang/.m2/repository/org/spire-math/spire-macros_2.11/0.13.0/spire-macros_2.11-0.13.0.jar:/home/yidiyang/.m2/repository/org/typelevel/machinist_2.11/0.6.1/machinist_2.11-0.6.1.jar:/home/yidiyang/.m2/repository/com/chuusai/shapeless_2.11/2.3.2/shapeless_2.11-2.3.2.jar:/home/yidiyang/.m2/repository/org/typelevel/macro-compat_2.11/1.1.1/macro-compat_2.11-1.1.1.jar:/home/yidiyang/.m2/repository/org/jpmml/pmml-model/1.2.15/pmml-model-1.2.15.jar:/home/yidiyang/.m2/repository/org/jpmml/pmml-schema/1.2.15/pmml-schema-1.2.15.jar:/home/yidiyang/.m2/repository/org/springframework/boot/spring-boot-starter-web/2.0.3.RELEASE/spring-boot-starter-web-2.0.3.RELEASE.jar:/home/yidiyang/.m2/repository/org/springframework/boot/spring-boot-starter/2.0.3.RELEASE/spring-boot-starter-2.0.3.RELEASE.jar:/home/yidiyang/.m2/repository/org/springframework/boot/spring-boot/2.0.3.RELEASE/spring-boot-2.0.3.RELEASE.jar:/home/yidiyang/.m2/repository/org/springframework/boot/spring-boot-autoconfigure/2.0.3.RELEASE/spring-boot-autoconfigure-2.0.3.RELEASE.jar:/home/yidiyang/.m2/repository/org/springframework/boot/spring-boot-starter-logging/2.0.3.RELEASE/spring-boot-starter-logging-2.0.3.RELEASE.jar:/home/yidiyang/.m2/repository/org/apache/logging/log4j/log4j-to-slf4j/2.10.0/log4j-to-slf4j-2.10.0.jar:/home/yidiyang/.m2/repository/org/apache/logging/log4j/log4j-api/2.10.0/log4j-api-2.10.0.jar:/home/yidiyang/.m2/repository/org/yaml/snakeyaml/1.19/snakeyaml-1.19.jar:/home/yidiyang/.m2/repository/org/springframework/boot/spring-boot-starter-json/2.0.3.RELEASE/spring-boot-starter-json-2.0.3.RELEASE.jar:/home/yidiyang/.m2/repository/com/fasterxml/jackson/datatype/jackson-datatype-jdk8/2.9.6/jackson-datatype-jdk8-2.9.6.jar:/home/yidiyang/.m2/repository/com/fasterxml/jackson/datatype/jackson-datatype-jsr310/2.9.6/jackson-datatype-jsr310-2.9.6.jar:/home/yidiyang/.m2/repository/com/fasterxml/jackson/module/jackson-module-parameter-names/2.9.6/jackson-module-parameter-names-2.9.6.jar:/home/yidiyang/.m2/repository/org/springframework/boot/spring-boot-starter-tomcat/2.0.3.RELEASE/spring-boot-starter-tomcat-2.0.3.RELEASE.jar:/home/yidiyang/.m2/repository/org/apache/tomcat/embed/tomcat-embed-core/8.5.31/tomcat-embed-core-8.5.31.jar:/home/yidiyang/.m2/repository/org/apache/tomcat/embed/tomcat-embed-el/8.5.31/tomcat-embed-el-8.5.31.jar:/home/yidiyang/.m2/repository/org/apache/tomcat/embed/tomcat-embed-websocket/8.5.31/tomcat-embed-websocket-8.5.31.jar:/home/yidiyang/.m2/repository/org/hibernate/validator/hibernate-validator/6.0.10.Final/hibernate-validator-6.0.10.Final.jar:/home/yidiyang/.m2/repository/org/jboss/logging/jboss-logging/3.3.2.Final/jboss-logging-3.3.2.Final.jar:/home/yidiyang/.m2/repository/com/fasterxml/classmate/1.3.4/classmate-1.3.4.jar:/home/yidiyang/.m2/repository/org/springframework/spring-web/5.0.7.RELEASE/spring-web-5.0.7.RELEASE.jar:/home/yidiyang/.m2/repository/org/springframework/spring-beans/5.0.7.RELEASE/spring-beans-5.0.7.RELEASE.jar:/home/yidiyang/.m2/repository/org/springframework/spring-webmvc/5.0.7.RELEASE/spring-webmvc-5.0.7.RELEASE.jar:/home/yidiyang/.m2/repository/org/springframework/spring-aop/5.0.7.RELEASE/spring-aop-5.0.7.RELEASE.jar:/home/yidiyang/.m2/repository/org/springframework/spring-context/5.0.7.RELEASE/spring-context-5.0.7.RELEASE.jar:/home/yidiyang/.m2/repository/org/springframework/spring-expression/5.0.7.RELEASE/spring-expression-5.0.7.RELEASE.jar:/home/yidiyang/.m2/repository/org/springframework/boot/spring-boot-starter-test/2.0.3.RELEASE/spring-boot-starter-test-2.0.3.RELEASE.jar:/home/yidiyang/.m2/repository/org/springframework/boot/spring-boot-test/2.0.3.RELEASE/spring-boot-test-2.0.3.RELEASE.jar:/home/yidiyang/.m2/repository/org/springframework/boot/spring-boot-test-autoconfigure/2.0.3.RELEASE/spring-boot-test-autoconfigure-2.0.3.RELEASE.jar:/home/yidiyang/.m2/repository/junit/junit/4.12/junit-4.12.jar:/home/yidiyang/.m2/repository/org/assertj/assertj-core/3.9.1/assertj-core-3.9.1.jar:/home/yidiyang/.m2/repository/org/mockito/mockito-core/2.15.0/mockito-core-2.15.0.jar:/home/yidiyang/.m2/repository/net/bytebuddy/byte-buddy/1.7.11/byte-buddy-1.7.11.jar:/home/yidiyang/.m2/repository/net/bytebuddy/byte-buddy-agent/1.7.11/byte-buddy-agent-1.7.11.jar:/home/yidiyang/.m2/repository/org/objenesis/objenesis/2.6/objenesis-2.6.jar:/home/yidiyang/.m2/repository/org/hamcrest/hamcrest-core/1.3/hamcrest-core-1.3.jar:/home/yidiyang/.m2/repository/org/hamcrest/hamcrest-library/1.3/hamcrest-library-1.3.jar:/home/yidiyang/.m2/repository/org/skyscreamer/jsonassert/1.5.0/jsonassert-1.5.0.jar:/home/yidiyang/.m2/repository/com/vaadin/external/google/android-json/0.0.20131108.vaadin1/android-json-0.0.20131108.vaadin1.jar:/home/yidiyang/.m2/repository/org/springframework/spring-core/5.0.7.RELEASE/spring-core-5.0.7.RELEASE.jar:/home/yidiyang/.m2/repository/org/springframework/spring-jcl/5.0.7.RELEASE/spring-jcl-5.0.7.RELEASE.jar:/home/yidiyang/.m2/repository/org/springframework/spring-test/5.0.7.RELEASE/spring-test-5.0.7.RELEASE.jar:/home/yidiyang/.m2/repository/org/xmlunit/xmlunit-core/2.5.1/xmlunit-core-2.5.1.jar:/home/yidiyang/.m2/repository/com/jayway/jsonpath/json-path/2.4.0/json-path-2.4.0.jar:/home/yidiyang/.m2/repository/net/minidev/json-smart/2.3/json-smart-2.3.jar:/home/yidiyang/.m2/repository/net/minidev/accessors-smart/1.2/accessors-smart-1.2.jar:/home/yidiyang/.m2/repository/org/ow2/asm/asm/5.0.4/asm-5.0.4.jar:, user.name=yidiyang, java.vm.specification.version=1.8, sun.java.command=/home/yidiyang/workspace/arda-data/analytics-zoo-inference-examples/target/surefire/surefirebooter5639431882188663721.jar /home/yidiyang/workspace/arda-data/analytics-zoo-inference-examples/target/surefire 2018-07-05T11-37-19_509-jvmRun1 surefire1677189352459040429tmp surefire_04267553011395368729tmp, java.home=/usr/local/lib/jvm/jdk1.8.0_73/jre, sun.arch.data.model=64, user.language=en, java.specification.vendor=Oracle Corporation, awt.toolkit=sun.awt.X11.XToolkit, java.vm.info=mixed mode, java.version=1.8.0_73, java.ext.dirs=/usr/local/lib/jvm/jdk1.8.0_73/jre/lib/ext:/usr/java/packages/lib/ext, sun.boot.class.path=/usr/local/lib/jvm/jdk1.8.0_73/jre/lib/resources.jar:/usr/local/lib/jvm/jdk1.8.0_73/jre/lib/rt.jar:/usr/local/lib/jvm/jdk1.8.0_73/jre/lib/sunrsasign.jar:/usr/local/lib/jvm/jdk1.8.0_73/jre/lib/jsse.jar:/usr/local/lib/jvm/jdk1.8.0_73/jre/lib/jce.jar:/usr/local/lib/jvm/jdk1.8.0_73/jre/lib/charsets.jar:/usr/local/lib/jvm/jdk1.8.0_73/jre/lib/jfr.jar:/usr/local/lib/jvm/jdk1.8.0_73/jre/classes, java.vendor=Oracle Corporation, localRepository=/home/yidiyang/.m2/repository, file.separator=/, java.vendor.url.bug=http://bugreport.sun.com/bugreport/, sun.io.unicode.encoding=UnicodeLittle, sun.cpu.endian=little, sun.cpu.isalist=}}, SystemEnvironmentPropertySource@1426329391 {name='systemEnvironment', properties={PATH=/home/yidiyang/bin:/home/yidiyang/software/spark-2.2.0-bin-hadoop2.7/bin:/home/yidiyang/software/spark-2.2.0-bin-hadoop2.7/sbin:/usr/local/lib/hadoop/hadoop/bin:/home/yidiyang/software/scala-2.11.8/bin:/usr/local/lib/jvm/jdk1.8.0_73/bin:/usr/local/lib/jvm/jdk1.8.0_73/jre/bin:/opt/intel/bin:/usr/local/sbin:/usr/local/bin:/usr/sbin:/usr/bin:/sbin:/bin:/usr/games:/usr/local/games:/snap/bin, HADOOP_CONF_DIR=/usr/local/lib/hadoop/hadoop/etc/hadoop, LESSCLOSE=/usr/bin/lesspipe %s %s, MASTER=local[*], XDG_DATA_DIRS=/usr/local/share:/usr/share:/var/lib/snapd/desktop, https_proxy=http://child-prc.intel.com:913, JAVA_HOME=/usr/local/lib/jvm/jdk1.8.0_73, TERM=xterm, XFILESEARCHPATH=/usr/dt/app-defaults/%L/Dt, LANG=en_US.UTF-8, XDG_SESSION_ID=947, DISPLAY=localhost:15.0, SPARK_HOME=/home/yidiyang/software/spark-2.2.0-bin-hadoop2.7, MAIL=/var/mail/yidiyang, LD_LIBRARY_PATH=:/opt/intel/lib/intel64:/opt/intel/mkl/lib/intel64, LOGNAME=yidiyang, PWD=/home/yidiyang/workspace/arda-data/analytics-zoo-inference-examples, MAVEN_CMD_LINE_ARGS= clean deploy, SCALA_HOME=/home/yidiyang/software/scala-2.11.8, _=/usr/bin/mvn, LANGUAGE=en_US:, http_proxy=http://child-prc.intel.com:913, SHELL=/bin/bash, LESSOPEN=| /usr/bin/lesspipe %s, YARN_CONF_DIR=/usr/local/lib/hadoop/hadoop/etc/hadoop, SSH_TTY=/dev/pts/10, SSH_CLIENT=172.168.0.254 54844 22, MAVEN_PROJECTBASEDIR=/home/yidiyang/workspace/arda-data/analytics-zoo-inference-examples, OLDPWD=/home/yidiyang/workspace/arda-data/analytics-zoo-inference-examples, USER=yidiyang, CLASSPATH=/usr/local/lib/jvm/jdk1.8.0_73/lib:/usr/local/lib/jvm/jdk1.8.0_73/jre/lib:/usr/local/lib/jvm/jdk1.8.0_73/lib/tools.jar:/usr/local/lib/jvm/jdk1.8.0_73/lib/dt.jar, SSH_CONNECTION=172.168.0.254 54844 172.168.0.22 22, HADOOP_HOME=/usr/local/lib/hadoop/hadoop, NLSPATH=/usr/dt/lib/nls/msg/%L/%N.cat, QT_QPA_PLATFORMTHEME=appmenu-qt5, LS_COLORS=rs=0:di=01;34:ln=01;36:mh=00:pi=40;33:so=01;35:do=01;35:bd=40;33;01:cd=40;33;01:or=40;31;01:su=37;41:sg=30;43:ca=30;41:tw=30;42:ow=34;42:st=37;44:ex=01;32:*.tar=01;31:*.tgz=01;31:*.arj=01;31:*.taz=01;31:*.lzh=01;31:*.lzma=01;31:*.tlz=01;31:*.txz=01;31:*.zip=01;31:*.z=01;31:*.Z=01;31:*.dz=01;31:*.gz=01;31:*.lz=01;31:*.xz=01;31:*.bz2=01;31:*.bz=01;31:*.tbz=01;31:*.tbz2=01;31:*.tz=01;31:*.deb=01;31:*.rpm=01;31:*.jar=01;31:*.war=01;31:*.ear=01;31:*.sar=01;31:*.rar=01;31:*.ace=01;31:*.zoo=01;31:*.cpio=01;31:*.7z=01;31:*.rz=01;31:*.jpg=01;35:*.jpeg=01;35:*.gif=01;35:*.bmp=01;35:*.pbm=01;35:*.pgm=01;35:*.ppm=01;35:*.tga=01;35:*.xbm=01;35:*.xpm=01;35:*.tif=01;35:*.tiff=01;35:*.png=01;35:*.svg=01;35:*.svgz=01;35:*.mng=01;35:*.pcx=01;35:*.mov=01;35:*.mpg=01;35:*.mpeg=01;35:*.m2v=01;35:*.mkv=01;35:*.webm=01;35:*.ogm=01;35:*.mp4=01;35:*.m4v=01;35:*.mp4v=01;35:*.vob=01;35:*.qt=01;35:*.nuv=01;35:*.wmv=01;35:*.asf=01;35:*.rm=01;35:*.rmvb=01;35:*.flc=01;35:*.avi=01;35:*.fli=01;35:*.flv=01;35:*.gl=01;35:*.dl=01;35:*.xcf=01;35:*.xwd=01;35:*.yuv=01;35:*.cgm=01;35:*.emf=01;35:*.axv=01;35:*.anx=01;35:*.ogv=01;35:*.ogx=01;35:*.aac=00;36:*.au=00;36:*.flac=00;36:*.mid=00;36:*.midi=00;36:*.mka=00;36:*.mp3=00;36:*.mpc=00;36:*.ogg=00;36:*.ra=00;36:*.wav=00;36:*.axa=00;36:*.oga=00;36:*.spx=00;36:*.xspf=00;36:, XDG_RUNTIME_DIR=/run/user/1002, HOME=/home/yidiyang, SHLVL=1}}]
11:37:20.290 [main] DEBUG org.springframework.core.io.support.PathMatchingResourcePatternResolver - Resolved classpath location [TextClassification/] to resources [URL [file:/home/yidiyang/workspace/arda-data/analytics-zoo-inference-examples/target/test-classes/TextClassification/]]
11:37:20.291 [main] DEBUG org.springframework.core.io.support.PathMatchingResourcePatternResolver - Looking for matching resources in directory tree [/home/yidiyang/workspace/arda-data/analytics-zoo-inference-examples/target/test-classes/TextClassification]
11:37:20.291 [main] DEBUG org.springframework.core.io.support.PathMatchingResourcePatternResolver - Searching directory [/home/yidiyang/workspace/arda-data/analytics-zoo-inference-examples/target/test-classes/TextClassification] for files matching pattern [/home/yidiyang/workspace/arda-data/analytics-zoo-inference-examples/target/test-classes/TextClassification/*.class]
11:37:20.294 [main] DEBUG org.springframework.core.io.support.PathMatchingResourcePatternResolver - Resolved location pattern [classpath*:TextClassification/*.class] to resources [file [/home/yidiyang/workspace/arda-data/analytics-zoo-inference-examples/target/test-classes/TextClassification/GreetingControllerTests.class]]
]]></system-out>
    <system-err><![CDATA[SLF4J: Class path contains multiple SLF4J bindings.
SLF4J: Found binding in [jar:file:/home/yidiyang/.m2/repository/ch/qos/logback/logback-classic/1.2.3/logback-classic-1.2.3.jar!/org/slf4j/impl/StaticLoggerBinder.class]
SLF4J: Found binding in [jar:file:/home/yidiyang/.m2/repository/org/slf4j/slf4j-log4j12/1.7.25/slf4j-log4j12-1.7.25.jar!/org/slf4j/impl/StaticLoggerBinder.class]
SLF4J: See http://www.slf4j.org/codes.html#multiple_bindings for an explanation.
SLF4J: Actual binding is of type [ch.qos.logback.classic.util.ContextSelectorStaticBinder]
]]></system-err>
  </testcase>
</testsuite>